{"/Users/piecioshka/projects/xhr-sniffer/src/server.js":{"path":"/Users/piecioshka/projects/xhr-sniffer/src/server.js","s":{"1":1,"2":1,"3":1,"4":1,"5":1,"6":2,"7":2,"8":2,"9":2,"10":2,"11":2,"12":2,"13":2,"14":2,"15":2,"16":2,"17":0,"18":2,"19":0,"20":2,"21":1,"22":2,"23":2},"b":{"1":[0,2]},"f":{"1":2,"2":2,"3":2,"4":2,"5":2},"fnMap":{"1":{"name":"sniffMethod","line":11,"loc":{"start":{"line":11,"column":0},"end":{"line":11,"column":32}}},"2":{"name":"(anonymous_2)","line":12,"loc":{"start":{"line":12,"column":11},"end":{"line":12,"column":37}}},"3":{"name":"(anonymous_3)","line":14,"loc":{"start":{"line":14,"column":40},"end":{"line":14,"column":55}}},"4":{"name":"(anonymous_4)","line":45,"loc":{"start":{"line":45,"column":11},"end":{"line":45,"column":14}}},"5":{"name":"(anonymous_5)","line":48,"loc":{"start":{"line":48,"column":13},"end":{"line":48,"column":16}}}},"statementMap":{"1":{"start":{"line":3,"column":0},"end":{"line":3,"column":42}},"2":{"start":{"line":5,"column":0},"end":{"line":5,"column":31}},"3":{"start":{"line":6,"column":0},"end":{"line":6,"column":29}},"4":{"start":{"line":7,"column":0},"end":{"line":7,"column":38}},"5":{"start":{"line":11,"column":0},"end":{"line":42,"column":1}},"6":{"start":{"line":12,"column":4},"end":{"line":41,"column":6}},"7":{"start":{"line":13,"column":8},"end":{"line":13,"column":26}},"8":{"start":{"line":14,"column":8},"end":{"line":34,"column":11}},"9":{"start":{"line":15,"column":12},"end":{"line":15,"column":48}},"10":{"start":{"line":17,"column":12},"end":{"line":29,"column":15}},"11":{"start":{"line":18,"column":16},"end":{"line":18,"column":63}},"12":{"start":{"line":19,"column":16},"end":{"line":19,"column":41}},"13":{"start":{"line":20,"column":16},"end":{"line":20,"column":49}},"14":{"start":{"line":21,"column":16},"end":{"line":21,"column":75}},"15":{"start":{"line":23,"column":16},"end":{"line":28,"column":20}},"16":{"start":{"line":31,"column":12},"end":{"line":33,"column":13}},"17":{"start":{"line":32,"column":16},"end":{"line":32,"column":55}},"18":{"start":{"line":36,"column":8},"end":{"line":38,"column":11}},"19":{"start":{"line":37,"column":12},"end":{"line":37,"column":31}},"20":{"start":{"line":40,"column":8},"end":{"line":40,"column":19}},"21":{"start":{"line":44,"column":0},"end":{"line":51,"column":2}},"22":{"start":{"line":46,"column":8},"end":{"line":46,"column":65}},"23":{"start":{"line":49,"column":8},"end":{"line":49,"column":40}}},"branchMap":{"1":{"line":31,"type":"if","locations":[{"start":{"line":31,"column":12},"end":{"line":31,"column":12}},{"start":{"line":31,"column":12},"end":{"line":31,"column":12}}]}}},"/Users/piecioshka/projects/xhr-sniffer/src/common.js":{"path":"/Users/piecioshka/projects/xhr-sniffer/src/common.js","s":{"1":1,"2":2,"3":2,"4":2,"5":2,"6":2,"7":2,"8":2,"9":1,"10":2,"11":1,"12":1,"13":0,"14":0,"15":0,"16":0},"b":{"1":[1,0],"2":[1,1],"3":[0,0],"4":[0,0]},"f":{"1":2,"2":2},"fnMap":{"1":{"name":"now","line":3,"loc":{"start":{"line":3,"column":0},"end":{"line":3,"column":29}}},"2":{"name":"formatter","line":13,"loc":{"start":{"line":13,"column":0},"end":{"line":13,"column":54}}}},"statementMap":{"1":{"start":{"line":3,"column":0},"end":{"line":11,"column":1}},"2":{"start":{"line":4,"column":4},"end":{"line":4,"column":33}},"3":{"start":{"line":5,"column":4},"end":{"line":5,"column":60}},"4":{"start":{"line":6,"column":4},"end":{"line":6,"column":53}},"5":{"start":{"line":7,"column":4},"end":{"line":7,"column":56}},"6":{"start":{"line":8,"column":4},"end":{"line":8,"column":60}},"7":{"start":{"line":9,"column":4},"end":{"line":9,"column":60}},"8":{"start":{"line":10,"column":4},"end":{"line":10,"column":91}},"9":{"start":{"line":13,"column":0},"end":{"line":15,"column":1}},"10":{"start":{"line":14,"column":4},"end":{"line":14,"column":67}},"11":{"start":{"line":18,"column":0},"end":{"line":30,"column":1}},"12":{"start":{"line":19,"column":4},"end":{"line":21,"column":6}},"13":{"start":{"line":22,"column":7},"end":{"line":30,"column":1}},"14":{"start":{"line":23,"column":4},"end":{"line":27,"column":7}},"15":{"start":{"line":24,"column":8},"end":{"line":26,"column":10}},"16":{"start":{"line":29,"column":4},"end":{"line":29,"column":33}}},"branchMap":{"1":{"line":18,"type":"if","locations":[{"start":{"line":18,"column":0},"end":{"line":18,"column":0}},{"start":{"line":18,"column":0},"end":{"line":18,"column":0}}]},"2":{"line":18,"type":"binary-expr","locations":[{"start":{"line":18,"column":4},"end":{"line":18,"column":30}},{"start":{"line":18,"column":34},"end":{"line":18,"column":48}}]},"3":{"line":22,"type":"if","locations":[{"start":{"line":22,"column":7},"end":{"line":22,"column":7}},{"start":{"line":22,"column":7},"end":{"line":22,"column":7}}]},"4":{"line":22,"type":"binary-expr","locations":[{"start":{"line":22,"column":11},"end":{"line":22,"column":39}},{"start":{"line":22,"column":43},"end":{"line":22,"column":53}}]}}}}