TN:
SF:/Users/piecioshka/projects/xhr-sniffer/src/server.js
FN:11,sniffMethod
FN:12,(anonymous_2)
FN:14,(anonymous_3)
FN:45,(anonymous_4)
FN:48,(anonymous_5)
FNF:5
FNH:5
FNDA:2,sniffMethod
FNDA:2,(anonymous_2)
FNDA:2,(anonymous_3)
FNDA:2,(anonymous_4)
FNDA:2,(anonymous_5)
DA:3,1
DA:5,1
DA:6,1
DA:7,1
DA:11,1
DA:12,2
DA:13,2
DA:14,2
DA:15,2
DA:17,2
DA:18,2
DA:19,2
DA:20,2
DA:21,2
DA:23,2
DA:31,2
DA:32,0
DA:36,2
DA:37,0
DA:40,2
DA:44,1
DA:46,2
DA:49,2
LF:23
LH:21
BRDA:31,1,0,0
BRDA:31,1,1,2
BRF:2
BRH:1
end_of_record
TN:
SF:/Users/piecioshka/projects/xhr-sniffer/src/common.js
FN:3,now
FN:13,formatter
FNF:2
FNH:2
FNDA:2,now
FNDA:2,formatter
DA:3,1
DA:4,2
DA:5,2
DA:6,2
DA:7,2
DA:8,2
DA:9,2
DA:10,2
DA:13,1
DA:14,2
DA:18,1
DA:19,1
DA:22,0
DA:23,0
DA:24,0
DA:29,0
LF:16
LH:12
BRDA:18,1,0,1
BRDA:18,1,1,0
BRDA:18,2,0,1
BRDA:18,2,1,1
BRDA:22,3,0,0
BRDA:22,3,1,0
BRDA:22,4,0,0
BRDA:22,4,1,0
BRF:8
BRH:3
end_of_record
